<?xml version="1.0" encoding="UTF-8"?>
<!-- Generated by org.testng.reporters.JUnitReportReporter -->
<testsuite skipped="0" hostname="DESKTOP-9HGU2QK" name="com.test.LoginTest" tests="1" failures="0" timestamp="19 Jun 2018 10:20:41 GMT" time="0.041" errors="0">
  <testcase name="login" time="0.041" classname="com.test.LoginTest"/>
</testsuite> <!-- com.test.LoginTest -->
